<?xml version="1.0" encoding="UTF-8"?>
<testsuite name="com.oleh.pakhomov.ButtonsTest" tests="1" skipped="0" failures="0" errors="0" timestamp="2021-12-20T21:18:01" hostname="TENZIST" time="6.128">
  <properties/>
  <testcase name="TestCalculationButton" classname="com.oleh.pakhomov.ButtonsTest" time="6.128"/>
  <system-out><![CDATA[]]></system-out>
  <system-err><![CDATA[]]></system-err>
</testsuite>
